\BOOKMARK [1][-]{section.1}{Abstract}{}% 1
\BOOKMARK [1][-]{section.2}{Introduction}{}% 2
\BOOKMARK [1][-]{section.3}{Literature review}{}% 3
\BOOKMARK [2][-]{subsection.3.1}{Neurological disease modeling}{section.3}% 4
\BOOKMARK [2][-]{subsection.3.2}{Brain development}{section.3}% 5
\BOOKMARK [2][-]{subsection.3.3}{Gene expression regulation}{section.3}% 6
\BOOKMARK [2][-]{subsection.3.4}{Gene expression measurement}{section.3}% 7
\BOOKMARK [2][-]{subsection.3.5}{Gene expression analysis}{section.3}% 8
\BOOKMARK [2][-]{subsection.3.6}{The Allen Brain Atlas}{section.3}% 9
\BOOKMARK [2][-]{subsection.3.7}{Neural networks}{section.3}% 10
\BOOKMARK [2][-]{subsection.3.8}{Unsupervised learning}{section.3}% 11
\BOOKMARK [1][-]{section.4}{Research plan}{}% 12
\BOOKMARK [2][-]{subsection.4.1}{Researchable question}{section.4}% 13
\BOOKMARK [2][-]{subsection.4.2}{Hypothesis}{section.4}% 14
\BOOKMARK [2][-]{subsection.4.3}{Procedure}{section.4}% 15
\BOOKMARK [1][-]{section.5}{Methodology}{}% 16
\BOOKMARK [2][-]{subsection.5.1}{Overall workflow}{section.5}% 17
\BOOKMARK [2][-]{subsection.5.2}{Software}{section.5}% 18
\BOOKMARK [2][-]{subsection.5.3}{Data retrieval}{section.5}% 19
\BOOKMARK [2][-]{subsection.5.4}{Data pre-processing}{section.5}% 20
\BOOKMARK [2][-]{subsection.5.5}{Machine learning model}{section.5}% 21
\BOOKMARK [2][-]{subsection.5.6}{Cluster identification}{section.5}% 22
\BOOKMARK [2][-]{subsection.5.7}{Clustering comparison}{section.5}% 23
\BOOKMARK [1][-]{section.6}{Results}{}% 24
\BOOKMARK [1][-]{section.7}{Discussion}{}% 25
\BOOKMARK [1][-]{section.8}{Conclusions}{}% 26
\BOOKMARK [1][-]{section.9}{Limitations}{}% 27
\BOOKMARK [1][-]{section.10}{Extensions}{}% 28
